I 300519 162632 Log file started
I 300519 162632 Time Zone is UTC
I 300519 162632 wcd_lago_006.conf Configuration file loaded
I 300519 162632 Red Pitaya acquisition configured
I 300519 162632 Acquisition started
M 300519 162732        2274 37.90 52.00 23.00
M 300519 162832        4573 38.32 49.00 21.00
M 300519 162932        6855 38.03 50.00 29.00
M 300519 163032        9209 39.23 68.00 22.00
M 300519 163132       11508 38.32 51.00 26.00
M 300519 163232       13849 39.02 59.00 24.00
M 300519 163332       16169 38.67 63.00 26.00
M 300519 163432       18512 39.05 57.00 23.00
M 300519 163532       20733 37.02 54.00 23.00
M 300519 163632       23012 37.98 50.00 24.00
M 300519 163732       25277 37.75 57.00 26.00
M 300519 163832       27522 37.42 52.00 21.00
M 300519 163932       29864 39.03 56.00 24.00
M 300519 164032       32127 37.72 49.00 23.00
M 300519 164132       34411 38.07 53.00 24.00
M 300519 164232       36824 40.22 56.00 29.00
M 300519 164332       39050 37.10 52.00 22.00
M 300519 164432       41435 39.75 52.00 23.00
M 300519 164532       43772 38.95 52.00 28.00
M 300519 164632       46094 38.70 52.00 26.00
M 300519 164732       48326 37.20 57.00 23.00
M 300519 164832       50695 39.48 51.00 27.00
M 300519 164932       53032 38.95 64.00 26.00
M 300519 165032       55339 38.45 58.00 27.00
M 300519 165132       57642 38.38 52.00 27.00
M 300519 165232       59966 38.73 56.00 23.00
M 300519 165332       62263 38.28 51.00 25.00
M 300519 165432       64504 37.35 55.00 23.00
M 300519 165532       66717 36.88 59.00 24.00
M 300519 165632       68943 37.10 51.00 20.00
M 300519 165732       71257 38.57 60.00 25.00
M 300519 165832       73604 39.12 56.00 27.00
M 300519 165932       75889 38.08 50.00 24.00
M 300519 170032       78253 39.40 54.00 25.00
M 300519 170132       80547 38.23 49.00 21.00
M 300519 170232       82833 38.10 48.00 25.00
M 300519 170332       85176 39.05 53.00 22.00
M 300519 170432       87433 37.62 50.00 21.00
M 300519 170532       89666 37.22 51.00 24.00
M 300519 170632       91918 37.53 58.00 23.00
M 300519 170732       94246 38.80 55.00 23.00
M 300519 170832       96453 36.78 49.00 21.00
M 300519 170932       98774 38.68 53.00 24.00
M 300519 171032      101068 38.23 65.00 23.00
M 300519 171132      103292 37.07 52.00 22.00
M 300519 171232      105563 37.85 55.00 19.00
M 300519 171332      107843 38.00 54.00 26.00
M 300519 171432      110163 38.67 53.00 26.00
M 300519 171532      112442 37.98 51.00 25.00
M 300519 171632      114795 39.22 56.00 27.00
M 300519 171732      117150 39.25 49.00 26.00
M 300519 171832      119508 39.30 60.00 27.00
M 300519 171932      121900 39.87 55.00 21.00
M 300519 172032      124262 39.37 55.00 25.00
M 300519 172133      126554 38.20 51.00 27.00
M 300519 172233      128812 37.63 49.00 27.00
M 300519 172333      131115 38.38 49.00 23.00
M 300519 172433      133455 39.00 53.00 24.00
M 300519 172533      135753 38.30 51.00 27.00
I 300519 172633 File wcd_lago_006-300519-162632.paa writted with 138068 pulses
M 300519 172633      138069 38.60 56.00 26.00
M 300519 172733      140357 38.13 51.00 21.00
M 300519 172833      142532 36.25 51.00 25.00
M 300519 172933      144550 33.63 50.00 21.00
M 300519 173033      146615 34.42 48.00 23.00
M 300519 173133      148732 35.28 50.00 23.00
M 300519 173233      150940 36.80 52.00 24.00
M 300519 173333      153227 38.12 51.00 28.00
M 300519 173433      155480 37.55 53.00 24.00
M 300519 173533      157620 35.67 52.00 23.00
M 300519 173633      159814 36.57 57.00 25.00
M 300519 173733      161952 35.63 48.00 22.00
M 300519 173833      164162 36.83 52.00 24.00
M 300519 173933      166378 36.93 50.00 23.00
M 300519 174033      168567 36.48 50.00 22.00
M 300519 174133      170866 38.32 50.00 27.00
M 300519 174233      172988 35.37 64.00 23.00
M 300519 174333      175198 36.83 54.00 20.00
M 300519 174433      177382 36.40 51.00 23.00
M 300519 174533      179635 37.55 54.00 25.00
M 300519 174633      181889 37.57 52.00 27.00
M 300519 174733      184166 37.95 54.00 23.00
M 300519 174833      186347 36.35 52.00 25.00
M 300519 174933      188564 36.95 51.00 27.00
M 300519 175033      190746 36.37 50.00 26.00
M 300519 175133      192993 37.45 56.00 24.00
M 300519 175233      195277 38.07 50.00 24.00
M 300519 175333      197513 37.27 51.00 21.00
M 300519 175433      199755 37.37 56.00 24.00
M 300519 175533      201897 35.70 56.00 23.00
M 300519 175633      204169 37.87 49.00 27.00
M 300519 175733      206353 36.40 51.00 24.00
M 300519 175833      208478 35.42 47.00 23.00
M 300519 175933      210694 36.93 48.00 23.00
M 300519 180033      212954 37.67 64.00 25.00
M 300519 180133      215188 37.23 61.00 26.00
M 300519 180233      217307 35.32 45.00 23.00
M 300519 180333      219546 37.32 55.00 26.00
M 300519 180433      221776 37.17 49.00 24.00
M 300519 180533      224094 38.63 58.00 25.00
M 300519 180633      226317 37.05 54.00 25.00
M 300519 180733      228516 36.65 50.00 22.00
M 300519 180833      230702 36.43 54.00 21.00
M 300519 180933      232941 37.32 53.00 23.00
M 300519 181033      235158 36.95 48.00 24.00
M 300519 181133      237325 36.12 50.00 24.00
M 300519 181233      239551 37.10 50.00 26.00
M 300519 181333      241764 36.88 56.00 22.00
M 300519 181433      243974 36.83 50.00 22.00
M 300519 181533      246268 38.23 52.00 26.00
M 300519 181633      248446 36.30 51.00 22.00
M 300519 181733      250614 36.13 50.00 22.00
M 300519 181833      252808 36.57 51.00 25.00
M 300519 181933      254957 35.82 50.00 21.00
M 300519 182033      257168 36.85 55.00 23.00
M 300519 182133      259380 36.87 58.00 26.00
M 300519 182233      261537 35.95 49.00 26.00
M 300519 182333      263709 36.20 53.00 22.00
M 300519 182433      265850 35.68 52.00 21.00
M 300519 182533      267953 35.05 49.00 23.00
I 300519 182633 File wcd_lago_006-300519-172633.paa writted with 132029 pulses
M 300519 182633      270098 35.75 48.00 21.00
M 300519 182733      272237 35.65 47.00 26.00
M 300519 182833      274432 36.58 54.00 19.00
M 300519 182933      276615 36.38 52.00 17.00
M 300519 183033      278878 37.72 50.00 24.00
M 300519 183133      281025 35.78 51.00 22.00
M 300519 183233      283171 35.77 52.00 25.00
M 300519 183333      285404 37.22 56.00 24.00
M 300519 183433      287604 36.67 49.00 24.00
M 300519 183533      289801 36.62 56.00 23.00
M 300519 183633      292007 36.77 49.00 23.00
M 300519 183733      294223 36.93 50.00 23.00
M 300519 183833      296419 36.60 49.00 24.00
M 300519 183933      298752 38.88 54.00 23.00
M 300519 184033      300923 36.18 48.00 24.00
M 300519 184133      303098 36.25 51.00 28.00
M 300519 184233      305280 36.37 50.00 22.00
M 300519 184333      307522 37.37 51.00 21.00
M 300519 184433      309683 36.02 47.00 24.00
M 300519 184533      311877 36.57 54.00 20.00
M 300519 184633      314084 36.78 56.00 25.00
M 300519 184733      316301 36.95 48.00 24.00
M 300519 184833      318478 36.28 48.00 22.00
M 300519 184933      320753 37.92 50.00 29.00
M 300519 185033      323016 37.72 50.00 24.00
M 300519 185133      325191 36.25 54.00 22.00
M 300519 185233      327425 37.23 52.00 25.00
M 300519 185333      329733 38.47 55.00 21.00
M 300519 185433      332002 37.82 51.00 24.00
M 300519 185533      334315 38.55 51.00 29.00
M 300519 185633      336414 34.98 50.00 23.00
M 300519 185733      338625 36.85 54.00 25.00
M 300519 185833      340836 36.85 55.00 25.00
M 300519 185933      342934 34.97 46.00 20.00
M 300519 190033      345095 36.02 52.00 24.00
M 300519 190133      347369 37.90 56.00 22.00
M 300519 190233      349563 36.57 54.00 23.00
M 300519 190333      351795 37.20 47.00 25.00
M 300519 190433      354073 37.97 48.00 27.00
M 300519 190533      356294 37.02 50.00 28.00
M 300519 190633      358574 38.00 47.00 29.00
M 300519 190733      360873 38.32 56.00 22.00
M 300519 190833      363078 36.75 53.00 24.00
M 300519 190933      365245 36.12 48.00 21.00
M 300519 191033      367459 36.90 50.00 22.00
M 300519 191133      369690 37.18 52.00 23.00
M 300519 191233      371989 38.32 51.00 22.00
M 300519 191333      374258 37.82 50.00 24.00
M 300519 191433      376441 36.38 51.00 27.00
M 300519 191533      378601 36.00 53.00 19.00
M 300519 191633      380757 35.93 48.00 25.00
M 300519 191733      382992 37.25 52.00 24.00
M 300519 191833      385201 36.82 52.00 26.00
M 300519 191933      387453 37.53 57.00 28.00
M 300519 192033      389629 36.27 49.00 25.00
M 300519 192133      391772 35.72 49.00 20.00
M 300519 192233      393866 34.90 51.00 22.00
M 300519 192333      396021 35.92 50.00 21.00
M 300519 192433      398157 35.60 51.00 20.00
M 300519 192533      400312 35.92 48.00 17.00
I 300519 192633 File wcd_lago_006-300519-182633.paa writted with 132369 pulses
M 300519 192633      402467 35.92 49.00 22.00
M 300519 192733      404564 34.95 51.00 24.00
M 300519 192833      406553 33.15 43.00 19.00
M 300519 192933      408672 35.32 51.00 24.00
M 300519 193033      410847 36.25 51.00 26.00
M 300519 193133      412939 34.87 49.00 20.00
M 300519 193233      415099 36.00 51.00 23.00
M 300519 193333      417236 35.62 53.00 18.00
M 300519 193433      419413 36.28 49.00 26.00
M 300519 193533      421459 34.10 50.00 25.00
M 300519 193633      423608 35.82 51.00 24.00
M 300519 193733      425831 37.05 50.00 22.00
M 300519 193833      428051 37.00 49.00 25.00
M 300519 193933      430245 36.57 50.00 24.00
M 300519 194033      432360 35.25 56.00 17.00
M 300519 194133      434541 36.35 53.00 24.00
M 300519 194233      436655 35.23 54.00 25.00
M 300519 194333      438825 36.17 54.00 24.00
M 300519 194433      440985 36.00 50.00 26.00
M 300519 194533      443069 34.73 46.00 24.00
M 300519 194633      445203 35.57 47.00 26.00
M 300519 194733      447348 35.75 50.00 21.00
M 300519 194833      449528 36.33 50.00 21.00
M 300519 194933      451659 35.52 52.00 26.00
M 300519 195033      453829 36.17 53.00 24.00
M 300519 195133      455932 35.05 49.00 23.00
M 300519 195233      458106 36.23 55.00 25.00
M 300519 195333      460287 36.35 52.00 22.00
M 300519 195433      462458 36.18 48.00 23.00
M 300519 195533      464646 36.47 49.00 18.00
M 300519 195633      466798 35.87 47.00 22.00
M 300519 195733      468867 34.48 45.00 22.00
M 300519 195833      470994 35.45 49.00 23.00
M 300519 195933      473105 35.18 57.00 24.00
M 300519 200033      475294 36.48 48.00 25.00
M 300519 200133      477506 36.87 53.00 21.00
M 300519 200233      479724 36.97 49.00 25.00
M 300519 200333      481903 36.32 49.00 24.00
M 300519 200433      483996 34.88 46.00 23.00
M 300519 200533      486189 36.55 56.00 25.00
M 300519 200633      488424 37.25 58.00 23.00
M 300519 200733      490608 36.40 48.00 25.00
M 300519 200833      492803 36.58 50.00 23.00
M 300519 200933      494991 36.47 48.00 23.00
M 300519 201033      497126 35.58 50.00 25.00
M 300519 201133      499355 37.15 48.00 19.00
M 300519 201233      501516 36.02 47.00 26.00
M 300519 201333      503779 37.72 53.00 28.00
M 300519 201433      505973 36.57 54.00 25.00
M 300519 201533      508164 36.52 49.00 22.00
M 300519 201633      510361 36.62 46.00 25.00
M 300519 201733      512586 37.08 50.00 25.00
M 300519 201833      514797 36.85 52.00 25.00
M 300519 201933      516932 35.58 48.00 22.00
M 300519 202033      519161 37.15 51.00 26.00
M 300519 202133      521340 36.32 49.00 25.00
M 300519 202233      523579 37.32 49.00 25.00
M 300519 202333      525723 35.73 46.00 24.00
M 300519 202433      528027 38.40 51.00 23.00
M 300519 202533      530277 37.50 57.00 21.00
I 300519 202633 File wcd_lago_006-300519-192633.paa writted with 130017 pulses
M 300519 202633      532485 36.80 51.00 24.00
M 300519 202733      534674 36.48 59.00 22.00
M 300519 202833      536906 37.20 56.00 28.00
M 300519 202933      539011 35.08 47.00 23.00
M 300519 203033      541210 36.65 51.00 24.00
M 300519 203133      543418 36.80 54.00 26.00
M 300519 203233      545544 35.43 53.00 21.00
M 300519 203333      547758 36.90 53.00 26.00
M 300519 203433      549924 36.10 52.00 18.00
M 300519 203533      552011 34.78 44.00 27.00
M 300519 203633      554169 35.97 49.00 19.00
M 300519 203733      556379 36.83 54.00 23.00
M 300519 203833      558558 36.32 48.00 25.00
M 300519 203933      560724 36.10 57.00 22.00
M 300519 204033      563011 38.12 53.00 29.00
M 300519 204133      565228 36.95 50.00 19.00
M 300519 204233      567439 36.85 48.00 22.00
M 300519 204333      569614 36.25 60.00 21.00
M 300519 204433      571889 37.92 55.00 25.00
M 300519 204533      574117 37.13 55.00 24.00
M 300519 204633      576296 36.32 49.00 27.00
M 300519 204733      578465 36.15 52.00 25.00
M 300519 204833      580724 37.65 52.00 24.00
M 300519 204934      582842 35.30 52.00 20.00
M 300519 205034      584972 35.50 51.00 22.00
M 300519 205134      587190 36.97 50.00 20.00
M 300519 205234      589318 35.47 47.00 23.00
M 300519 205334      591533 36.92 51.00 24.00
M 300519 205434      593734 36.68 52.00 20.00
M 300519 205534      595955 37.02 55.00 19.00
M 300519 205634      598162 36.78 49.00 24.00
M 300519 205734      600400 37.30 51.00 25.00
M 300519 205834      602587 36.45 53.00 26.00
M 300519 205934      604806 36.98 51.00 24.00
M 300519 210034      607076 37.83 55.00 24.00
M 300519 210134      609267 36.52 57.00 22.00
M 300519 210234      611467 36.67 53.00 25.00
M 300519 210334      613693 37.10 59.00 22.00
M 300519 210434      615859 36.10 50.00 23.00
M 300519 210534      618154 38.25 53.00 22.00
M 300519 210634      620270 35.27 48.00 23.00
M 300519 210734      622506 37.27 51.00 14.00
M 300519 210834      624665 35.98 49.00 23.00
M 300519 210934      626881 36.93 53.00 25.00
M 300519 211034      629111 37.17 53.00 24.00
M 300519 211134      631312 36.68 49.00 23.00
M 300519 211234      633556 37.40 54.00 26.00
M 300519 211334      635790 37.23 56.00 24.00
M 300519 211434      637922 35.53 49.00 22.00
M 300519 211534      640256 38.90 54.00 25.00
M 300519 211634      642430 36.23 51.00 25.00
M 300519 211734      644642 36.87 49.00 25.00
M 300519 211834      646826 36.40 51.00 21.00
M 300519 211934      648980 35.90 46.00 23.00
M 300519 212034      651150 36.17 55.00 26.00
M 300519 212134      653252 35.03 47.00 21.00
M 300519 212234      655388 35.60 45.00 20.00
M 300519 212334      657533 35.75 50.00 26.00
M 300519 212434      659730 36.62 54.00 25.00
M 300519 212534      661954 37.07 48.00 27.00
I 300519 212633 File wcd_lago_006-300519-202633.paa writted with 131592 pulses
M 300519 212634      664116 36.03 52.00 27.00
M 300519 212734      666196 34.67 49.00 20.00
M 300519 212834      668382 36.43 50.00 21.00
M 300519 212934      670582 36.67 52.00 21.00
M 300519 213034      672728 35.77 50.00 22.00
M 300519 213134      674883 35.92 50.00 22.00
M 300519 213234      677071 36.47 50.00 24.00
M 300519 213334      679274 36.72 51.00 22.00
M 300519 213434      681541 37.78 51.00 28.00
M 300519 213534      683723 36.37 52.00 21.00
M 300519 213634      685855 35.53 48.00 26.00
M 300519 213734      688012 35.95 50.00 23.00
M 300519 213834      690277 37.75 55.00 28.00
M 300519 213934      692455 36.30 55.00 25.00
M 300519 214034      694654 36.65 51.00 24.00
M 300519 214134      696822 36.13 53.00 25.00
M 300519 214234      698966 35.73 52.00 22.00
M 300519 214334      701169 36.72 51.00 24.00
M 300519 214434      703346 36.28 47.00 22.00
M 300519 214534      705533 36.45 54.00 23.00
M 300519 214634      707628 34.92 54.00 21.00
M 300519 214734      709787 35.98 49.00 25.00
M 300519 214834      711976 36.48 53.00 23.00
M 300519 214934      714153 36.28 45.00 22.00
M 300519 215034      716365 36.87 55.00 23.00
M 300519 215134      718566 36.68 49.00 26.00
M 300519 215234      720638 34.53 53.00 23.00
M 300519 215334      722982 39.07 56.00 25.00
M 300519 215434      725141 35.98 52.00 24.00
M 300519 215534      727328 36.45 50.00 20.00
M 300519 215634      729421 34.88 50.00 22.00
M 300519 215734      731547 35.43 51.00 21.00
M 300519 215834      733782 37.25 51.00 26.00
M 300519 215934      735924 35.70 48.00 26.00
M 300519 220034      738184 37.67 49.00 23.00
M 300519 220134      740391 36.78 50.00 23.00
M 300519 220234      742586 36.58 50.00 26.00
M 300519 220334      744751 36.08 52.00 22.00
M 300519 220434      746937 36.43 51.00 26.00
M 300519 220534      749115 36.30 47.00 24.00
M 300519 220634      751279 36.07 52.00 24.00
M 300519 220734      753500 37.02 51.00 22.00
M 300519 220834      755740 37.33 51.00 24.00
M 300519 220934      757881 35.68 56.00 25.00
M 300519 221034      760083 36.70 58.00 21.00
M 300519 221134      762282 36.65 52.00 21.00
M 300519 221234      764461 36.32 51.00 26.00
M 300519 221334      766633 36.20 48.00 23.00
M 300519 221434      768797 36.07 51.00 21.00
M 300519 221534      770887 34.83 51.00 22.00
M 300519 221634      773114 37.12 52.00 25.00
M 300519 221734      775341 37.12 52.00 28.00
M 300519 221834      777561 37.00 54.00 21.00
M 300519 221934      779896 38.92 52.00 26.00
M 300519 222034      782111 36.92 51.00 24.00
M 300519 222134      784356 37.42 55.00 24.00
M 300519 222234      786532 36.27 51.00 22.00
M 300519 222334      788828 38.27 50.00 24.00
M 300519 222434      791041 36.88 52.00 22.00
M 300519 222534      793252 36.85 49.00 28.00
I 300519 222633 File wcd_lago_006-300519-212633.paa writted with 131376 pulses
M 300519 222634      795481 37.15 53.00 27.00
M 300519 222734      797756 37.92 52.00 22.00
M 300519 222834      800014 37.63 57.00 26.00
M 300519 222934      802217 36.72 50.00 24.00
M 300519 223034      804361 35.73 52.00 24.00
M 300519 223134      806618 37.62 50.00 25.00
M 300519 223234      808751 35.55 49.00 25.00
M 300519 223334      810976 37.08 51.00 23.00
M 300519 223434      813146 36.17 51.00 26.00
M 300519 223534      815362 36.93 52.00 23.00
M 300519 223634      817538 36.27 53.00 28.00
M 300519 223734      819730 36.53 51.00 24.00
M 300519 223834      821876 35.77 48.00 22.00
M 300519 223934      824165 38.15 53.00 28.00
M 300519 224034      826385 37.00 54.00 24.00
M 300519 224134      828582 36.62 51.00 27.00
M 300519 224234      830794 36.87 54.00 21.00
M 300519 224334      833054 37.67 54.00 26.00
M 300519 224434      835299 37.42 53.00 24.00
M 300519 224534      837546 37.45 52.00 25.00
M 300519 224634      839784 37.30 50.00 26.00
M 300519 224734      842063 37.98 53.00 27.00
M 300519 224834      844287 37.07 53.00 25.00
M 300519 224934      846531 37.40 62.00 25.00
M 300519 225034      848812 38.02 52.00 22.00
M 300519 225134      850979 36.12 48.00 24.00
M 300519 225234      853142 36.05 59.00 26.00
M 300519 225334      855315 36.22 52.00 24.00
M 300519 225434      857553 37.30 53.00 19.00
M 300519 225534      859735 36.37 54.00 26.00
M 300519 225634      861994 37.65 53.00 21.00
M 300519 225734      864140 35.77 51.00 26.00
M 300519 225834      866378 37.30 48.00 27.00
M 300519 225934      868614 37.27 52.00 29.00
M 300519 230034      870735 35.35 51.00 23.00
M 300519 230134      872946 36.85 54.00 25.00
M 300519 230234      875172 37.10 53.00 21.00
M 300519 230334      877457 38.08 51.00 23.00
M 300519 230434      879632 36.25 50.00 24.00
M 300519 230534      881814 36.37 53.00 23.00
M 300519 230634      884001 36.45 52.00 27.00
M 300519 230734      886225 37.07 53.00 22.00
M 300519 230834      888384 35.98 52.00 24.00
M 300519 230934      890599 36.92 53.00 23.00
M 300519 231034      892820 37.02 52.00 18.00
M 300519 231134      894996 36.27 52.00 25.00
M 300519 231234      897168 36.20 48.00 20.00
M 300519 231334      899380 36.87 46.00 24.00
M 300519 231434      901576 36.60 50.00 23.00
M 300519 231534      903771 36.58 54.00 26.00
M 300519 231634      905935 36.07 48.00 23.00
M 300519 231734      908164 37.15 52.00 23.00
M 300519 231834      910343 36.32 53.00 26.00
M 300519 231934      912534 36.52 51.00 25.00
M 300519 232034      914689 35.92 49.00 26.00
M 300519 232134      916898 36.82 49.00 25.00
M 300519 232234      919117 36.98 50.00 26.00
M 300519 232334      921345 37.13 54.00 22.00
M 300519 232434      923476 35.52 49.00 24.00
M 300519 232534      925725 37.48 50.00 24.00
I 300519 232633 File wcd_lago_006-300519-222633.paa writted with 132475 pulses
M 300519 232634      927963 37.30 53.00 23.00
M 300519 232734      930221 37.63 51.00 24.00
M 300519 232834      932350 35.48 49.00 24.00
M 300519 232934      934601 37.52 50.00 23.00
M 300519 233034      936805 36.73 53.00 22.00
M 300519 233134      939020 36.92 47.00 26.00
M 300519 233234      941313 38.22 54.00 25.00
M 300519 233334      943601 38.13 52.00 23.00
M 300519 233434      945913 38.53 52.00 27.00
M 300519 233534      948242 38.82 50.00 23.00
M 300519 233634      950564 38.70 53.00 21.00
M 300519 233734      952849 38.08 51.00 26.00
M 300519 233834      955065 36.93 48.00 22.00
M 300519 233934      957181 35.27 45.00 25.00
M 300519 234034      959306 35.42 50.00 24.00
M 300519 234134      961470 36.07 53.00 23.00
M 300519 234234      963609 35.65 53.00 21.00
M 300519 234334      965814 36.75 51.00 18.00
M 300519 234434      967972 35.97 47.00 20.00
M 300519 234534      970104 35.53 51.00 22.00
M 300519 234634      972302 36.63 53.00 26.00
M 300519 234734      974497 36.58 51.00 22.00
M 300519 234834      976594 34.95 48.00 23.00
M 300519 234934      978806 36.87 54.00 24.00
M 300519 235034      980999 36.55 52.00 23.00
M 300519 235134      983183 36.40 51.00 23.00
M 300519 235234      985324 35.68 47.00 25.00
M 300519 235334      987440 35.27 48.00 25.00
M 300519 235434      989668 37.13 51.00 24.00
M 300519 235534      991882 36.90 50.00 26.00
M 300519 235634      994187 38.42 56.00 25.00
M 300519 235734      996363 36.27 50.00 24.00
M 300519 235834      998497 35.57 49.00 25.00
M 300519 235934     1000595 34.97 46.00 22.00
M 310519 000034     1002688 34.88 46.00 26.00
M 310519 000134     1004768 34.67 51.00 25.00
M 310519 000234     1006903 35.58 54.00 22.00
M 310519 000334     1009017 35.23 53.00 22.00
M 310519 000434     1011093 34.60 46.00 24.00
M 310519 000534     1013282 36.48 52.00 24.00
M 310519 000634     1015402 35.33 46.00 23.00
M 310519 000734     1017586 36.40 51.00 19.00
M 310519 000834     1019737 35.85 49.00 26.00
M 310519 000934     1021909 36.20 54.00 23.00
M 310519 001034     1024028 35.32 47.00 17.00
M 310519 001134     1026216 36.47 54.00 22.00
M 310519 001234     1028351 35.58 47.00 17.00
M 310519 001334     1030515 36.07 49.00 23.00
M 310519 001434     1032735 37.00 54.00 24.00
M 310519 001534     1034861 35.43 50.00 16.00
M 310519 001634     1037053 36.53 48.00 24.00
M 310519 001734     1039213 36.00 52.00 22.00
M 310519 001834     1041456 37.38 52.00 25.00
M 310519 001935     1043675 36.98 50.00 25.00
M 310519 002035     1045804 35.48 55.00 25.00
M 310519 002135     1048038 37.23 48.00 25.00
M 310519 002235     1050162 35.40 48.00 25.00
M 310519 002335     1052354 36.53 48.00 25.00
M 310519 002435     1054558 36.73 50.00 23.00
M 310519 002535     1056738 36.33 53.00 26.00
I 310519 002633 File wcd_lago_006-300519-232633.paa writted with 130995 pulses
M 310519 002635     1058990 37.53 57.00 22.00
M 310519 002735     1061190 36.67 56.00 19.00
M 310519 002835     1063436 37.43 50.00 23.00
M 310519 002935     1065575 35.65 45.00 23.00
M 310519 003035     1067744 36.15 49.00 24.00
M 310519 003135     1069936 36.53 47.00 21.00
M 310519 003235     1072140 36.73 48.00 24.00
M 310519 003335     1074351 36.85 49.00 26.00
M 310519 003435     1076522 36.18 48.00 24.00
M 310519 003535     1078742 37.00 51.00 24.00
M 310519 003635     1081015 37.88 53.00 24.00
M 310519 003735     1083233 36.97 48.00 25.00
M 310519 003835     1085381 35.80 55.00 23.00
M 310519 003935     1087559 36.30 52.00 22.00
M 310519 004035     1089763 36.73 54.00 22.00
M 310519 004135     1091918 35.92 48.00 21.00
M 310519 004235     1094074 35.93 52.00 19.00
M 310519 004335     1096277 36.72 55.00 21.00
M 310519 004435     1098498 37.02 49.00 21.00
M 310519 004535     1100696 36.63 50.00 23.00
M 310519 004635     1102884 36.47 52.00 27.00
M 310519 004735     1105184 38.33 59.00 27.00
M 310519 004835     1107442 37.63 53.00 27.00
M 310519 004935     1109519 34.62 56.00 22.00
M 310519 005035     1111657 35.63 50.00 23.00
M 310519 005135     1113874 36.95 54.00 26.00
M 310519 005235     1116055 36.35 51.00 24.00
M 310519 005335     1118205 35.83 51.00 19.00
M 310519 005435     1120354 35.82 48.00 22.00
M 310519 005535     1122477 35.38 49.00 26.00
M 310519 005635     1124668 36.52 54.00 25.00
M 310519 005735     1126863 36.58 49.00 26.00
M 310519 005835     1129031 36.13 48.00 26.00
M 310519 005935     1131292 37.68 51.00 26.00
M 310519 010035     1133427 35.58 48.00 21.00
M 310519 010135     1135524 34.95 53.00 20.00
M 310519 010235     1137629 35.08 45.00 26.00
M 310519 010335     1139795 36.10 49.00 23.00
M 310519 010435     1141915 35.33 53.00 19.00
M 310519 010535     1143995 34.67 49.00 23.00
M 310519 010635     1146133 35.63 49.00 22.00
M 310519 010735     1148283 35.83 57.00 26.00
M 310519 010835     1150462 36.32 52.00 22.00
M 310519 010935     1152712 37.50 54.00 24.00
M 310519 011035     1154891 36.32 52.00 20.00
M 310519 011135     1157086 36.58 52.00 26.00
M 310519 011235     1159263 36.28 48.00 27.00
M 310519 011335     1161381 35.30 47.00 19.00
M 310519 011435     1163445 34.40 48.00 24.00
M 310519 011535     1165691 37.43 54.00 21.00
M 310519 011635     1167889 36.63 52.00 25.00
M 310519 011735     1170110 37.02 56.00 26.00
M 310519 011835     1172428 38.63 50.00 23.00
M 310519 011935     1174635 36.78 47.00 21.00
M 310519 012035     1176894 37.65 48.00 24.00
M 310519 012135     1179079 36.42 51.00 24.00
M 310519 012235     1181260 36.35 51.00 27.00
M 310519 012335     1183504 37.40 53.00 27.00
M 310519 012435     1185707 36.72 50.00 24.00
M 310519 012535     1187958 37.52 55.00 24.00
I 310519 012633 File wcd_lago_006-310519-002633.paa writted with 131222 pulses
M 310519 012635     1190206 37.47 55.00 27.00
M 310519 012735     1192402 36.60 59.00 19.00
M 310519 012835     1194688 38.10 54.00 27.00
M 310519 012935     1196897 36.82 53.00 20.00
M 310519 013035     1199077 36.33 53.00 23.00
M 310519 013135     1201316 37.32 50.00 19.00
M 310519 013235     1203530 36.90 56.00 24.00
M 310519 013335     1205804 37.90 49.00 19.00
M 310519 013435     1208042 37.30 51.00 24.00
M 310519 013535     1210232 36.50 50.00 22.00
M 310519 013635     1212376 35.73 51.00 25.00
M 310519 013735     1214497 35.35 51.00 22.00
M 310519 013835     1216674 36.28 48.00 22.00
M 310519 013935     1218964 38.17 54.00 23.00
M 310519 014035     1221189 37.08 52.00 24.00
M 310519 014135     1223361 36.20 48.00 22.00
M 310519 014235     1225555 36.57 46.00 26.00
M 310519 014335     1227795 37.33 49.00 21.00
M 310519 014435     1229931 35.60 51.00 23.00
M 310519 014535     1232180 37.48 52.00 25.00
M 310519 014635     1234378 36.63 49.00 22.00
M 310519 014735     1236497 35.32 50.00 18.00
M 310519 014835     1238700 36.72 52.00 28.00
M 310519 014935     1240894 36.57 54.00 22.00
M 310519 015035     1243053 35.98 51.00 24.00
M 310519 015135     1245254 36.68 49.00 22.00
M 310519 015235     1247486 37.20 55.00 26.00
M 310519 015335     1249644 35.97 47.00 24.00
M 310519 015435     1251725 34.68 58.00 18.00
M 310519 015535     1253951 37.10 53.00 25.00
M 310519 015635     1256111 36.00 50.00 21.00
M 310519 015735     1258313 36.70 51.00 24.00
M 310519 015835     1260506 36.55 54.00 24.00
M 310519 015935     1262615 35.15 48.00 22.00
M 310519 020035     1264766 35.85 52.00 23.00
M 310519 020135     1266995 37.15 52.00 21.00
M 310519 020235     1269193 36.63 50.00 23.00
M 310519 020335     1271368 36.25 50.00 18.00
M 310519 020435     1273663 38.25 55.00 25.00
M 310519 020535     1275835 36.20 50.00 23.00
M 310519 020635     1278022 36.45 50.00 24.00
M 310519 020735     1280164 35.70 51.00 19.00
M 310519 020835     1282378 36.90 48.00 24.00
M 310519 020935     1284605 37.12 48.00 29.00
M 310519 021035     1286836 37.18 49.00 25.00
M 310519 021135     1289076 37.33 54.00 25.00
M 310519 021235     1291290 36.90 54.00 22.00
M 310519 021335     1293471 36.35 48.00 23.00
M 310519 021435     1295672 36.68 47.00 23.00
M 310519 021535     1297770 34.97 49.00 26.00
M 310519 021635     1299952 36.37 49.00 14.00
M 310519 021735     1302067 35.25 50.00 24.00
M 310519 021835     1304262 36.58 57.00 19.00
M 310519 021935     1306439 36.28 50.00 24.00
M 310519 022035     1308630 36.52 53.00 23.00
M 310519 022135     1310771 35.68 47.00 22.00
M 310519 022235     1312980 36.82 51.00 26.00
M 310519 022335     1315146 36.10 54.00 19.00
M 310519 022435     1317340 36.57 54.00 23.00
M 310519 022535     1319542 36.70 52.00 25.00
I 310519 022633 File wcd_lago_006-310519-012633.paa writted with 131509 pulses
M 310519 022635     1321720 36.30 47.00 23.00
M 310519 022735     1323872 35.87 50.00 24.00
M 310519 022835     1325997 35.42 47.00 23.00
M 310519 022935     1328222 37.08 54.00 26.00
M 310519 023035     1330372 35.83 50.00 23.00
M 310519 023135     1332580 36.80 53.00 22.00
M 310519 023235     1334804 37.07 51.00 21.00
M 310519 023335     1336929 35.42 50.00 26.00
M 310519 023435     1339089 36.00 46.00 24.00
M 310519 023535     1341257 36.13 51.00 17.00
M 310519 023635     1343402 35.75 49.00 24.00
M 310519 023735     1345526 35.40 50.00 26.00
M 310519 023835     1347634 35.13 48.00 21.00
M 310519 023935     1349769 35.58 48.00 23.00
M 310519 024035     1351929 36.00 51.00 20.00
M 310519 024135     1354008 34.65 53.00 23.00
M 310519 024235     1356284 37.93 52.00 24.00
M 310519 024335     1358405 35.35 47.00 24.00
M 310519 024435     1360598 36.55 52.00 26.00
M 310519 024535     1362847 37.48 56.00 26.00
M 310519 024635     1364996 35.82 49.00 23.00
M 310519 024735     1367186 36.50 53.00 21.00
M 310519 024835     1369274 34.80 47.00 21.00
M 310519 024935     1371503 37.15 48.00 19.00
M 310519 025035     1373653 35.83 54.00 22.00
M 310519 025135     1375773 35.33 53.00 23.00
M 310519 025235     1377952 36.32 51.00 25.00
M 310519 025335     1380063 35.18 47.00 20.00
M 310519 025435     1382262 36.65 49.00 19.00
M 310519 025535     1384386 35.40 44.00 22.00
M 310519 025635     1386557 36.18 49.00 25.00
M 310519 025735     1388705 35.80 50.00 25.00
M 310519 025835     1390769 34.40 43.00 24.00
M 310519 025935     1392889 35.33 55.00 24.00
M 310519 030035     1395021 35.53 47.00 21.00
M 310519 030135     1397199 36.30 50.00 25.00
M 310519 030235     1399348 35.82 48.00 27.00
M 310519 030335     1401503 35.92 49.00 24.00
M 310519 030435     1403704 36.68 49.00 23.00
M 310519 030535     1405832 35.47 49.00 25.00
M 310519 030635     1408011 36.32 49.00 21.00
M 310519 030735     1410135 35.40 50.00 23.00
M 310519 030835     1412324 36.48 48.00 19.00
M 310519 030935     1414455 35.52 47.00 23.00
M 310519 031035     1416620 36.08 57.00 25.00
M 310519 031135     1418825 36.75 52.00 21.00
M 310519 031235     1420998 36.22 49.00 23.00
M 310519 031335     1423222 37.07 54.00 23.00
M 310519 031435     1425368 35.77 57.00 25.00
M 310519 031535     1427579 36.85 58.00 23.00
M 310519 031635     1429782 36.72 56.00 25.00
M 310519 031735     1431960 36.30 50.00 24.00
M 310519 031835     1434116 35.93 54.00 18.00
M 310519 031935     1436300 36.40 54.00 20.00
M 310519 032035     1438462 36.03 48.00 24.00
M 310519 032135     1440662 36.67 50.00 26.00
M 310519 032235     1442803 35.68 51.00 23.00
M 310519 032335     1445023 37.00 51.00 24.00
M 310519 032435     1447205 36.37 47.00 22.00
M 310519 032535     1449340 35.58 48.00 24.00
I 310519 032633 File wcd_lago_006-310519-022633.paa writted with 129752 pulses
M 310519 032635     1451471 35.52 51.00 21.00
M 310519 032735     1453588 35.28 48.00 23.00
M 310519 032835     1455716 35.47 49.00 25.00
M 310519 032935     1457865 35.82 49.00 17.00
M 310519 033035     1460003 35.63 51.00 23.00
M 310519 033135     1462145 35.70 52.00 24.00
M 310519 033235     1464340 36.58 49.00 17.00
M 310519 033335     1466491 35.85 52.00 24.00
M 310519 033435     1468669 36.30 54.00 17.00
M 310519 033535     1470751 34.70 49.00 21.00
M 310519 033635     1472757 33.43 45.00 24.00
M 310519 033735     1474907 35.83 52.00 22.00
M 310519 033835     1477161 37.57 49.00 25.00
M 310519 033935     1479330 36.15 53.00 20.00
M 310519 034035     1481464 35.57 48.00 25.00
M 310519 034135     1483564 35.00 54.00 24.00
M 310519 034235     1485679 35.25 50.00 21.00
M 310519 034335     1487883 36.73 49.00 27.00
M 310519 034435     1490056 36.22 52.00 22.00
M 310519 034535     1492182 35.43 46.00 23.00
M 310519 034635     1494377 36.58 49.00 24.00
M 310519 034735     1496456 34.65 50.00 25.00
M 310519 034835     1498651 36.58 51.00 21.00
M 310519 034935     1500838 36.45 51.00 23.00
M 310519 035035     1502968 35.50 44.00 22.00
M 310519 035135     1505206 37.30 52.00 29.00
M 310519 035235     1507334 35.47 48.00 28.00
M 310519 035335     1509466 35.53 49.00 24.00
M 310519 035435     1511626 36.00 51.00 24.00
M 310519 035535     1513781 35.92 51.00 20.00
M 310519 035635     1515917 35.60 46.00 23.00
M 310519 035735     1518064 35.78 48.00 25.00
M 310519 035835     1520176 35.20 45.00 26.00
M 310519 035935     1522318 35.70 53.00 24.00
M 310519 040035     1524507 36.48 52.00 25.00
M 310519 040136     1526655 35.80 48.00 27.00
M 310519 040236     1528819 36.07 49.00 24.00
M 310519 040336     1530950 35.52 49.00 24.00
M 310519 040436     1533056 35.10 48.00 22.00
M 310519 040536     1535207 35.85 54.00 17.00
M 310519 040636     1537314 35.12 48.00 24.00
M 310519 040736     1539438 35.40 50.00 25.00
M 310519 040836     1541526 34.80 48.00 21.00
M 310519 040936     1543684 35.97 50.00 26.00
M 310519 041036     1545817 35.55 51.00 24.00
M 310519 041136     1547918 35.02 48.00 26.00
M 310519 041236     1550023 35.08 58.00 24.00
M 310519 041336     1552183 36.00 47.00 23.00
M 310519 041436     1554296 35.22 51.00 22.00
M 310519 041536     1556505 36.82 53.00 21.00
M 310519 041636     1558603 34.97 51.00 19.00
M 310519 041736     1560747 35.73 51.00 22.00
M 310519 041836     1562866 35.32 48.00 18.00
M 310519 041936     1564950 34.73 47.00 19.00
M 310519 042036     1567086 35.60 54.00 24.00
M 310519 042136     1569243 35.95 52.00 19.00
M 310519 042236     1571441 36.63 48.00 25.00
M 310519 042336     1573526 34.75 46.00 19.00
M 310519 042436     1575582 34.27 43.00 24.00
M 310519 042536     1577780 36.63 57.00 22.00
I 310519 042633 File wcd_lago_006-310519-032633.paa writted with 128402 pulses
M 310519 042636     1579910 35.50 48.00 23.00
M 310519 042736     1582018 35.13 47.00 23.00
M 310519 042836     1584180 36.03 53.00 22.00
M 310519 042936     1586382 36.70 45.00 22.00
M 310519 043036     1588562 36.33 52.00 21.00
M 310519 043136     1590611 34.15 47.00 26.00
M 310519 043236     1592676 34.42 46.00 17.00
M 310519 043336     1594626 32.50 50.00 22.00
M 310519 043436     1596611 33.08 46.00 21.00
M 310519 043536     1598660 34.15 47.00 18.00
M 310519 043636     1600701 34.02 52.00 21.00
M 310519 043736     1602800 34.98 51.00 20.00
M 310519 043836     1604857 34.28 46.00 23.00
M 310519 043936     1606937 34.67 46.00 20.00
M 310519 044036     1609072 35.58 48.00 20.00
M 310519 044136     1611129 34.28 52.00 20.00
M 310519 044236     1613294 36.08 54.00 25.00
M 310519 044336     1615321 33.78 52.00 20.00
M 310519 044436     1617431 35.17 52.00 20.00
M 310519 044536     1619494 34.38 52.00 20.00
M 310519 044636     1621523 33.82 45.00 21.00
M 310519 044736     1623638 35.25 54.00 26.00
M 310519 044836     1625702 34.40 46.00 21.00
M 310519 044936     1627760 34.30 56.00 25.00
M 310519 045036     1629893 35.55 55.00 20.00
M 310519 045136     1631885 33.20 50.00 20.00
M 310519 045236     1633893 33.47 45.00 22.00
M 310519 045336     1635942 34.15 56.00 23.00
M 310519 045436     1637932 33.17 43.00 18.00
M 310519 045536     1639958 33.77 51.00 22.00
M 310519 045636     1641954 33.27 47.00 22.00
M 310519 045736     1643994 34.00 49.00 20.00
M 310519 045836     1645983 33.15 47.00 20.00
M 310519 045936     1648025 34.03 44.00 24.00
M 310519 050036     1650158 35.55 48.00 23.00
M 310519 050136     1652288 35.50 48.00 22.00
M 310519 050236     1654361 34.55 48.00 25.00
M 310519 050336     1656408 34.12 51.00 24.00
M 310519 050436     1658501 34.88 51.00 18.00
M 310519 050536     1660504 33.38 46.00 25.00
M 310519 050636     1662674 36.17 55.00 21.00
M 310519 050736     1664664 33.17 50.00 23.00
M 310519 050836     1666846 36.37 51.00 23.00
M 310519 050936     1668955 35.15 46.00 21.00
M 310519 051036     1671049 34.90 52.00 22.00
M 310519 051136     1673097 34.13 44.00 18.00
M 310519 051236     1675075 32.97 50.00 16.00
M 310519 051336     1677194 35.32 45.00 24.00
M 310519 051436     1679251 34.28 46.00 24.00
M 310519 051536     1681436 36.42 51.00 25.00
M 310519 051636     1683541 35.08 49.00 20.00
M 310519 051736     1685697 35.93 47.00 26.00
M 310519 051836     1687739 34.03 51.00 22.00
M 310519 051936     1689828 34.82 51.00 22.00
M 310519 052036     1691861 33.88 47.00 19.00
M 310519 052136     1693929 34.47 49.00 21.00
M 310519 052236     1696049 35.33 54.00 24.00
M 310519 052336     1698192 35.72 52.00 21.00
M 310519 052436     1700286 34.90 52.00 20.00
M 310519 052536     1702368 34.70 52.00 22.00
I 310519 052633 File wcd_lago_006-310519-042633.paa writted with 124619 pulses
M 310519 052636     1704526 35.97 46.00 25.00
M 310519 052736     1706621 34.92 54.00 21.00
M 310519 052836     1708777 35.93 57.00 24.00
M 310519 052936     1710968 36.52 55.00 24.00
M 310519 053036     1713060 34.87 50.00 18.00
M 310519 053136     1715092 33.87 51.00 23.00
M 310519 053236     1717174 34.70 46.00 19.00
M 310519 053336     1719231 34.28 46.00 21.00
M 310519 053436     1721389 35.97 49.00 20.00
M 310519 053536     1723519 35.50 47.00 22.00
M 310519 053636     1725651 35.53 48.00 22.00
M 310519 053736     1727803 35.87 50.00 23.00
M 310519 053836     1729973 36.17 46.00 24.00
M 310519 053936     1732071 34.97 47.00 20.00
M 310519 054036     1734159 34.80 54.00 20.00
M 310519 054136     1736294 35.58 53.00 24.00
M 310519 054236     1738345 34.18 56.00 14.00
M 310519 054336     1740462 35.28 51.00 18.00
M 310519 054436     1742601 35.65 51.00 24.00
M 310519 054536     1744665 34.40 52.00 24.00
M 310519 054636     1746796 35.52 49.00 21.00
M 310519 054736     1748837 34.02 45.00 18.00
M 310519 054836     1750980 35.72 53.00 24.00
M 310519 054936     1753034 34.23 48.00 24.00
M 310519 055036     1755182 35.80 51.00 26.00
M 310519 055136     1757310 35.47 47.00 21.00
M 310519 055236     1759456 35.77 50.00 17.00
M 310519 055336     1761603 35.78 48.00 22.00
M 310519 055436     1763661 34.30 48.00 18.00
M 310519 055536     1765770 35.15 49.00 18.00
M 310519 055636     1767773 33.38 48.00 23.00
M 310519 055736     1769929 35.93 48.00 23.00
M 310519 055836     1772091 36.03 48.00 23.00
M 310519 055936     1774162 34.52 46.00 21.00
M 310519 060036     1776260 34.97 45.00 22.00
M 310519 060136     1778301 34.02 46.00 21.00
M 310519 060236     1780418 35.28 50.00 24.00
M 310519 060336     1782480 34.37 48.00 20.00
M 310519 060436     1784578 34.97 49.00 24.00
M 310519 060536     1786709 35.52 50.00 21.00
M 310519 060636     1788796 34.78 52.00 23.00
M 310519 060736     1790806 33.50 47.00 21.00
M 310519 060836     1792913 35.12 48.00 24.00
M 310519 060936     1795014 35.02 50.00 24.00
M 310519 061036     1797145 35.52 51.00 23.00
M 310519 061136     1799231 34.77 49.00 23.00
M 310519 061236     1801335 35.07 45.00 25.00
M 310519 061336     1803450 35.25 44.00 25.00
M 310519 061436     1805543 34.88 51.00 20.00
M 310519 061536     1807644 35.02 47.00 21.00
M 310519 061636     1809709 34.42 45.00 23.00
M 310519 061736     1811795 34.77 54.00 21.00
M 310519 061836     1813852 34.28 50.00 25.00
M 310519 061936     1815977 35.42 48.00 24.00
M 310519 062036     1818059 34.70 54.00 21.00
M 310519 062136     1820177 35.30 50.00 21.00
M 310519 062236     1822320 35.72 46.00 20.00
M 310519 062336     1824446 35.43 46.00 21.00
M 310519 062436     1826532 34.77 47.00 23.00
M 310519 062536     1828606 34.57 50.00 20.00
I 310519 062633 File wcd_lago_006-310519-052633.paa writted with 126252 pulses
M 310519 062636     1830788 36.37 56.00 24.00
M 310519 062736     1832949 36.02 47.00 24.00
M 310519 062836     1835010 34.35 47.00 24.00
M 310519 062936     1837125 35.25 50.00 22.00
M 310519 063036     1839239 35.23 47.00 20.00
M 310519 063136     1841374 35.58 47.00 22.00
M 310519 063236     1843457 34.72 46.00 24.00
M 310519 063336     1845628 36.18 52.00 22.00
M 310519 063436     1847694 34.43 48.00 25.00
M 310519 063536     1849797 35.05 54.00 25.00
M 310519 063636     1851939 35.70 49.00 23.00
M 310519 063736     1854020 34.68 47.00 23.00
M 310519 063836     1856103 34.72 46.00 21.00
M 310519 063936     1858125 33.70 55.00 18.00
M 310519 064036     1860313 36.47 49.00 22.00
M 310519 064136     1862477 36.07 57.00 25.00
M 310519 064236     1864564 34.78 46.00 22.00
M 310519 064336     1866736 36.20 51.00 22.00
M 310519 064436     1868906 36.17 51.00 18.00
M 310519 064536     1870999 34.88 47.00 21.00
M 310519 064636     1873174 36.25 46.00 25.00
M 310519 064736     1875323 35.82 48.00 23.00
M 310519 064836     1877462 35.65 53.00 24.00
M 310519 064936     1879514 34.20 54.00 22.00
M 310519 065036     1881699 36.42 50.00 24.00
M 310519 065136     1883838 35.65 47.00 23.00
M 310519 065236     1885878 34.00 51.00 21.00
M 310519 065336     1887936 34.30 49.00 18.00
M 310519 065436     1890006 34.50 55.00 17.00
M 310519 065536     1892183 36.28 53.00 20.00
M 310519 065636     1894243 34.33 46.00 20.00
M 310519 065736     1896387 35.73 49.00 25.00
M 310519 065836     1898552 36.08 50.00 23.00
M 310519 065936     1900627 34.58 52.00 24.00
M 310519 070036     1902728 35.02 50.00 21.00
M 310519 070136     1904877 35.82 53.00 21.00
M 310519 070236     1906877 33.33 47.00 20.00
M 310519 070336     1908907 33.83 45.00 18.00
M 310519 070436     1910995 34.80 46.00 15.00
M 310519 070536     1913010 33.58 49.00 20.00
M 310519 070636     1915129 35.32 50.00 22.00
M 310519 070736     1917205 34.60 49.00 21.00
M 310519 070836     1919401 36.60 50.00 24.00
M 310519 070936     1921494 34.88 47.00 19.00
M 310519 071036     1923623 35.48 53.00 21.00
M 310519 071136     1925660 33.95 48.00 14.00
M 310519 071236     1927802 35.70 49.00 23.00
M 310519 071336     1929942 35.67 48.00 20.00
M 310519 071436     1932054 35.20 45.00 21.00
M 310519 071536     1934173 35.32 46.00 23.00
M 310519 071636     1936284 35.18 52.00 23.00
M 310519 071736     1938357 34.55 49.00 22.00
M 310519 071836     1940526 36.15 49.00 24.00
M 310519 071936     1942731 36.75 53.00 20.00
M 310519 072036     1944845 35.23 50.00 24.00
M 310519 072136     1946881 33.93 45.00 22.00
M 310519 072236     1949036 35.92 51.00 23.00
M 310519 072336     1951140 35.07 47.00 20.00
M 310519 072436     1953290 35.83 47.00 25.00
M 310519 072536     1955334 34.07 51.00 15.00
I 310519 072633 File wcd_lago_006-310519-062633.paa writted with 126679 pulses
M 310519 072636     1957510 36.27 48.00 25.00
M 310519 072736     1959629 35.32 49.00 20.00
M 310519 072836     1961795 36.10 48.00 25.00
M 310519 072936     1963902 35.12 48.00 21.00
M 310519 073036     1965977 34.58 47.00 22.00
M 310519 073136     1968067 34.83 53.00 23.00
M 310519 073237     1970120 34.22 48.00 20.00
M 310519 073337     1972212 34.87 47.00 26.00
M 310519 073437     1974356 35.73 53.00 17.00
M 310519 073537     1976493 35.62 48.00 26.00
M 310519 073637     1978603 35.17 46.00 20.00
M 310519 073737     1980622 33.65 46.00 20.00
M 310519 073837     1982731 35.15 49.00 23.00
M 310519 073937     1984842 35.18 49.00 25.00
M 310519 074037     1986973 35.52 50.00 23.00
M 310519 074137     1989056 34.72 45.00 25.00
M 310519 074237     1991132 34.60 52.00 20.00
M 310519 074337     1993275 35.72 50.00 22.00
M 310519 074437     1995386 35.18 51.00 25.00
M 310519 074537     1997512 35.43 47.00 20.00
M 310519 074637     1999610 34.97 47.00 23.00
M 310519 074737     2001703 34.88 50.00 25.00
M 310519 074837     2003813 35.17 47.00 22.00
M 310519 074937     2005823 33.50 50.00 18.00
M 310519 075037     2007959 35.60 48.00 24.00
M 310519 075137     2010138 36.32 56.00 26.00
M 310519 075237     2012293 35.92 48.00 25.00
M 310519 075337     2014453 36.00 51.00 19.00
M 310519 075437     2016558 35.08 53.00 23.00
M 310519 075537     2018589 33.85 48.00 22.00
M 310519 075637     2020768 36.32 57.00 19.00
M 310519 075737     2022888 35.33 49.00 22.00
M 310519 075837     2025016 35.47 52.00 25.00
M 310519 075937     2027131 35.25 51.00 21.00
M 310519 080037     2029338 36.78 48.00 24.00
M 310519 080137     2031466 35.47 47.00 24.00
M 310519 080237     2033575 35.15 53.00 22.00
M 310519 080337     2035796 37.02 53.00 25.00
M 310519 080437     2037917 35.35 53.00 19.00
M 310519 080537     2040063 35.77 49.00 25.00
M 310519 080637     2042272 36.82 48.00 27.00
M 310519 080737     2044513 37.35 51.00 25.00
M 310519 080837     2046713 36.67 52.00 23.00
M 310519 080937     2048808 34.92 52.00 21.00
M 310519 081037     2050934 35.43 52.00 22.00
M 310519 081137     2053020 34.77 48.00 21.00
M 310519 081237     2055201 36.35 47.00 22.00
M 310519 081337     2057290 34.82 47.00 26.00
M 310519 081437     2059435 35.75 50.00 20.00
M 310519 081537     2061625 36.50 50.00 24.00
M 310519 081637     2063722 34.95 49.00 20.00
M 310519 081737     2065801 34.65 52.00 25.00
M 310519 081837     2068012 36.85 48.00 24.00
M 310519 081937     2070206 36.57 50.00 18.00
M 310519 082037     2072396 36.50 53.00 25.00
M 310519 082137     2074528 35.53 46.00 23.00
M 310519 082237     2076754 37.10 49.00 25.00
M 310519 082337     2078915 36.02 52.00 19.00
M 310519 082437     2081101 36.43 52.00 21.00
M 310519 082537     2083260 35.98 52.00 23.00
I 310519 082633 File wcd_lago_006-310519-072633.paa writted with 127943 pulses
M 310519 082637     2085444 36.40 47.00 23.00
M 310519 082737     2087530 34.77 49.00 23.00
M 310519 082837     2089713 36.38 51.00 25.00
M 310519 082937     2091859 35.77 48.00 11.00
M 310519 083037     2094021 36.03 53.00 21.00
M 310519 083137     2096155 35.57 51.00 20.00
M 310519 083237     2098296 35.68 48.00 17.00
M 310519 083337     2100385 34.82 50.00 23.00
M 310519 083437     2102528 35.72 50.00 22.00
M 310519 083537     2104650 35.37 48.00 20.00
M 310519 083637     2106778 35.47 48.00 19.00
M 310519 083737     2108897 35.32 50.00 22.00
M 310519 083837     2111013 35.27 55.00 24.00
M 310519 083937     2113174 36.02 51.00 23.00
M 310519 084037     2115356 36.37 51.00 25.00
M 310519 084137     2117425 34.48 47.00 23.00
M 310519 084237     2119618 36.55 57.00 20.00
M 310519 084337     2121728 35.17 51.00 22.00
M 310519 084437     2123821 34.88 52.00 21.00
M 310519 084537     2126016 36.58 51.00 22.00
M 310519 084637     2128148 35.53 49.00 25.00
M 310519 084737     2130337 36.48 58.00 23.00
M 310519 084837     2132461 35.40 49.00 25.00
M 310519 084937     2134552 34.85 43.00 21.00
M 310519 085037     2136657 35.08 48.00 21.00
M 310519 085137     2138777 35.33 45.00 21.00
M 310519 085237     2141014 37.28 55.00 26.00
M 310519 085337     2143175 36.02 52.00 24.00
M 310519 085437     2145313 35.63 46.00 21.00
M 310519 085537     2147478 36.08 53.00 24.00
M 310519 085637     2149674 36.60 55.00 26.00
M 310519 085737     2151847 36.22 50.00 22.00
M 310519 085837     2153926 34.65 52.00 19.00
M 310519 085937     2156107 36.35 47.00 22.00
M 310519 090037     2158236 35.48 53.00 22.00
M 310519 090137     2160369 35.55 48.00 26.00
M 310519 090237     2162491 35.37 51.00 22.00
M 310519 090337     2164539 34.13 47.00 24.00
M 310519 090437     2166597 34.30 49.00 21.00
M 310519 090537     2168740 35.72 45.00 28.00
M 310519 090637     2170839 34.98 49.00 23.00
M 310519 090737     2172942 35.05 47.00 26.00
M 310519 090837     2175179 37.28 56.00 23.00
M 310519 090937     2177380 36.68 52.00 22.00
M 310519 091037     2179537 35.95 47.00 24.00
M 310519 091137     2181706 36.15 49.00 23.00
M 310519 091237     2183853 35.78 59.00 22.00
M 310519 091337     2185967 35.23 49.00 21.00
M 310519 091437     2188106 35.65 50.00 22.00
M 310519 091537     2190252 35.77 51.00 24.00
M 310519 091637     2192334 34.70 50.00 24.00
M 310519 091737     2194484 35.83 59.00 23.00
M 310519 091837     2196634 35.83 49.00 25.00
M 310519 091937     2198757 35.38 46.00 27.00
M 310519 092037     2200955 36.63 53.00 21.00
M 310519 092137     2203033 34.63 48.00 18.00
M 310519 092237     2205202 36.15 48.00 24.00
M 310519 092337     2207300 34.97 49.00 23.00
M 310519 092437     2209437 35.62 48.00 23.00
M 310519 092537     2211496 34.32 50.00 22.00
I 310519 092633 File wcd_lago_006-310519-082633.paa writted with 128157 pulses
M 310519 092637     2213602 35.10 46.00 24.00
M 310519 092737     2215691 34.82 45.00 23.00
M 310519 092837     2217840 35.82 48.00 24.00
M 310519 092937     2219984 35.73 52.00 23.00
M 310519 093037     2222030 34.10 54.00 20.00
M 310519 093137     2224133 35.05 46.00 21.00
M 310519 093237     2226287 35.90 54.00 17.00
M 310519 093337     2228446 35.98 48.00 23.00
M 310519 093437     2230604 35.97 47.00 24.00
M 310519 093537     2232720 35.27 55.00 25.00
M 310519 093637     2234935 36.92 49.00 24.00
M 310519 093737     2237105 36.17 54.00 26.00
M 310519 093837     2239240 35.58 53.00 19.00
M 310519 093937     2241384 35.73 56.00 23.00
M 310519 094037     2243493 35.15 50.00 26.00
M 310519 094137     2245657 36.07 51.00 26.00
M 310519 094237     2247818 36.02 49.00 24.00
M 310519 094337     2249981 36.05 49.00 26.00
M 310519 094437     2252129 35.80 50.00 22.00
M 310519 094537     2254289 36.00 49.00 21.00
M 310519 094637     2256536 37.45 53.00 21.00
M 310519 094737     2258578 34.03 49.00 23.00
M 310519 094837     2260716 35.63 52.00 25.00
M 310519 094937     2262770 34.23 48.00 21.00
M 310519 095037     2264877 35.12 53.00 23.00
M 310519 095137     2266970 34.88 51.00 19.00
M 310519 095237     2269108 35.63 49.00 21.00
M 310519 095337     2271293 36.42 49.00 26.00
M 310519 095437     2273461 36.13 51.00 24.00
M 310519 095537     2275611 35.83 48.00 26.00
M 310519 095637     2277823 36.87 55.00 23.00
M 310519 095737     2279941 35.30 52.00 24.00
M 310519 095837     2282054 35.22 45.00 26.00
M 310519 095937     2284221 36.12 51.00 20.00
M 310519 100037     2286281 34.33 49.00 22.00
M 310519 100137     2288407 35.43 49.00 22.00
M 310519 100237     2290573 36.10 50.00 22.00
M 310519 100337     2292634 34.35 52.00 26.00
M 310519 100437     2294819 36.42 49.00 26.00
M 310519 100537     2296998 36.32 54.00 24.00
M 310519 100637     2299144 35.77 50.00 24.00
M 310519 100737     2301253 35.15 49.00 26.00
M 310519 100837     2303399 35.77 54.00 20.00
M 310519 100937     2305589 36.50 49.00 25.00
M 310519 101037     2307794 36.75 54.00 24.00
M 310519 101137     2309916 35.37 48.00 23.00
M 310519 101237     2312127 36.85 53.00 23.00
M 310519 101337     2314256 35.48 46.00 23.00
M 310519 101437     2316395 35.65 53.00 23.00
M 310519 101537     2318605 36.83 49.00 19.00
M 310519 101637     2320671 34.43 46.00 19.00
M 310519 101737     2322784 35.22 51.00 24.00
M 310519 101837     2324928 35.73 47.00 25.00
M 310519 101937     2327123 36.58 49.00 25.00
M 310519 102037     2329271 35.80 52.00 22.00
M 310519 102137     2331429 35.97 53.00 24.00
M 310519 102237     2333538 35.15 52.00 21.00
M 310519 102337     2335694 35.93 52.00 24.00
M 310519 102437     2337807 35.22 47.00 23.00
M 310519 102537     2340004 36.62 51.00 23.00
I 310519 102633 File wcd_lago_006-310519-092633.paa writted with 128538 pulses
M 310519 102637     2342126 35.37 53.00 23.00
M 310519 102737     2344221 34.92 49.00 23.00
M 310519 102837     2346421 36.67 56.00 22.00
M 310519 102937     2348488 34.45 56.00 22.00
M 310519 103037     2350688 36.67 55.00 20.00
M 310519 103137     2352860 36.20 49.00 24.00
M 310519 103237     2354903 34.05 45.00 22.00
M 310519 103337     2356992 34.82 48.00 21.00
M 310519 103437     2359066 34.57 51.00 21.00
M 310519 103537     2361152 34.77 49.00 17.00
M 310519 103637     2363314 36.03 49.00 19.00
M 310519 103737     2365422 35.13 47.00 23.00
M 310519 103837     2367531 35.15 50.00 24.00
M 310519 103937     2369697 36.10 50.00 22.00
M 310519 104037     2371745 34.13 48.00 22.00
M 310519 104137     2373905 36.00 49.00 27.00
M 310519 104237     2376062 35.95 50.00 19.00
M 310519 104337     2378112 34.17 45.00 21.00
M 310519 104437     2380304 36.53 53.00 26.00
M 310519 104537     2382400 34.93 52.00 23.00
M 310519 104637     2384471 34.52 48.00 22.00
M 310519 104737     2386587 35.27 49.00 24.00
M 310519 104837     2388611 33.73 50.00 17.00
M 310519 104937     2390673 34.37 50.00 25.00
M 310519 105037     2392723 34.17 44.00 23.00
M 310519 105137     2394817 34.90 52.00 23.00
M 310519 105237     2396967 35.83 45.00 23.00
M 310519 105337     2399082 35.25 54.00 22.00
M 310519 105437     2401123 34.02 54.00 21.00
M 310519 105537     2403253 35.50 48.00 21.00
M 310519 105637     2405371 35.30 52.00 20.00
M 310519 105737     2407455 34.73 51.00 21.00
M 310519 105837     2409516 34.35 46.00 20.00
M 310519 105937     2411619 35.05 48.00 23.00
M 310519 110037     2413765 35.77 55.00 23.00
M 310519 110137     2415916 35.85 52.00 24.00
M 310519 110237     2418005 34.82 48.00 22.00
M 310519 110337     2420091 34.77 45.00 20.00
M 310519 110437     2422187 34.93 48.00 23.00
M 310519 110537     2424224 33.95 45.00 23.00
M 310519 110637     2426292 34.47 49.00 22.00
M 310519 110737     2428502 36.83 53.00 25.00
M 310519 110837     2430607 35.08 48.00 25.00
M 310519 110937     2432717 35.17 53.00 21.00
M 310519 111037     2434764 34.12 50.00 20.00
M 310519 111137     2436845 34.68 49.00 24.00
M 310519 111237     2438914 34.48 46.00 22.00
M 310519 111337     2440981 34.45 49.00 18.00
M 310519 111437     2443106 35.42 53.00 17.00
M 310519 111537     2445217 35.18 50.00 23.00
M 310519 111638     2447322 35.08 48.00 19.00
M 310519 111738     2449453 35.52 48.00 26.00
M 310519 111838     2451576 35.38 50.00 25.00
M 310519 111938     2453684 35.13 49.00 18.00
M 310519 112038     2455767 34.72 50.00 21.00
M 310519 112138     2457854 34.78 50.00 17.00
M 310519 112238     2459972 35.30 48.00 24.00
M 310519 112338     2462110 35.63 51.00 25.00
M 310519 112438     2464285 36.25 50.00 22.00
M 310519 112538     2466395 35.17 48.00 19.00
I 310519 112633 File wcd_lago_006-310519-102633.paa writted with 126379 pulses
M 310519 112638     2468561 36.10 47.00 22.00
M 310519 112738     2470787 37.10 56.00 23.00
M 310519 112838     2472964 36.28 52.00 22.00
M 310519 112938     2475129 36.08 49.00 26.00
M 310519 113038     2477284 35.92 51.00 19.00
M 310519 113138     2479429 35.75 54.00 22.00
M 310519 113238     2481550 35.35 44.00 16.00
M 310519 113338     2483671 35.35 56.00 21.00
M 310519 113438     2485748 34.62 48.00 24.00
M 310519 113538     2487897 35.82 49.00 23.00
M 310519 113638     2490055 35.97 52.00 18.00
M 310519 113738     2492238 36.38 54.00 25.00
M 310519 113838     2494314 34.60 50.00 22.00
M 310519 113938     2496553 37.32 57.00 27.00
M 310519 114038     2498653 35.00 53.00 22.00
M 310519 114138     2500796 35.72 61.00 26.00
M 310519 114238     2502906 35.17 48.00 22.00
M 310519 114338     2505029 35.38 48.00 17.00
M 310519 114438     2507186 35.95 48.00 20.00
M 310519 114538     2509345 35.98 49.00 23.00
M 310519 114638     2511413 34.47 43.00 23.00
M 310519 114738     2513518 35.08 48.00 23.00
M 310519 114838     2515636 35.30 56.00 25.00
M 310519 114938     2517781 35.75 51.00 20.00
M 310519 115038     2519876 34.92 47.00 25.00
M 310519 115138     2522098 37.03 48.00 22.00
M 310519 115238     2524196 34.97 51.00 21.00
M 310519 115338     2526305 35.15 48.00 19.00
M 310519 115438     2528512 36.78 54.00 26.00
M 310519 115538     2530638 35.43 49.00 22.00
M 310519 115638     2532749 35.18 54.00 20.00
M 310519 115738     2534947 36.63 48.00 24.00
M 310519 115838     2537043 34.93 49.00 23.00
M 310519 115938     2539166 35.38 54.00 22.00
M 310519 120038     2541349 36.38 57.00 26.00
M 310519 120138     2543442 34.88 47.00 24.00
M 310519 120238     2545486 34.07 44.00 21.00
M 310519 120338     2547574 34.80 49.00 24.00
M 310519 120438     2549694 35.33 45.00 21.00
M 310519 120538     2551786 34.87 51.00 22.00
M 310519 120638     2553963 36.28 50.00 22.00
M 310519 120738     2556192 37.15 56.00 20.00
M 310519 120838     2558351 35.98 52.00 25.00
M 310519 120938     2560533 36.37 49.00 20.00
M 310519 121038     2562779 37.43 53.00 24.00
M 310519 121138     2564911 35.53 45.00 25.00
M 310519 121238     2567012 35.02 47.00 22.00
M 310519 121338     2569097 34.75 46.00 22.00
M 310519 121438     2571192 34.92 54.00 21.00
M 310519 121538     2573301 35.15 46.00 22.00
M 310519 121638     2575442 35.68 48.00 23.00
M 310519 121738     2577541 34.98 51.00 26.00
M 310519 121838     2579651 35.17 50.00 22.00
M 310519 121938     2581798 35.78 50.00 18.00
M 310519 122038     2583891 34.88 50.00 21.00
M 310519 122138     2586025 35.57 51.00 24.00
M 310519 122238     2588064 33.98 45.00 21.00
M 310519 122338     2590174 35.17 54.00 21.00
M 310519 122438     2592400 37.10 51.00 26.00
M 310519 122538     2594511 35.18 48.00 23.00
I 310519 122633 File wcd_lago_006-310519-112633.paa writted with 128115 pulses
M 310519 122638     2596664 35.88 49.00 23.00
M 310519 122738     2598792 35.47 50.00 19.00
M 310519 122838     2601005 36.88 49.00 25.00
M 310519 122938     2603157 35.87 47.00 23.00
M 310519 123038     2605246 34.82 47.00 22.00
M 310519 123138     2607416 36.17 50.00 23.00
M 310519 123238     2609629 36.88 51.00 28.00
M 310519 123338     2611819 36.50 57.00 21.00
M 310519 123438     2614045 37.10 50.00 25.00
M 310519 123538     2616113 34.47 51.00 22.00
M 310519 123638     2618250 35.62 48.00 22.00
M 310519 123738     2620316 34.43 51.00 21.00
M 310519 123838     2622444 35.47 50.00 21.00
M 310519 123938     2624589 35.75 44.00 20.00
M 310519 124038     2626705 35.27 53.00 23.00
M 310519 124138     2628842 35.62 46.00 23.00
M 310519 124238     2630969 35.45 50.00 24.00
M 310519 124338     2633140 36.18 47.00 22.00
M 310519 124438     2635298 35.97 56.00 19.00
M 310519 124538     2637442 35.73 49.00 25.00
M 310519 124638     2639569 35.45 50.00 23.00
M 310519 124738     2641613 34.07 47.00 22.00
M 310519 124838     2643750 35.62 48.00 22.00
M 310519 124938     2645934 36.40 48.00 24.00
M 310519 125038     2648060 35.43 49.00 21.00
M 310519 125138     2650196 35.60 49.00 24.00
M 310519 125238     2652332 35.60 45.00 25.00
M 310519 125338     2654426 34.90 48.00 23.00
M 310519 125438     2656554 35.47 51.00 21.00
M 310519 125538     2658670 35.27 56.00 20.00
M 310519 125638     2660805 35.58 49.00 20.00
M 310519 125738     2663005 36.67 49.00 22.00
M 310519 125838     2665152 35.78 49.00 25.00
M 310519 125938     2667239 34.78 47.00 24.00
M 310519 130038     2669465 37.10 55.00 25.00
M 310519 130138     2671562 34.95 53.00 15.00
M 310519 130238     2673720 35.97 49.00 23.00
M 310519 130338     2675805 34.75 54.00 20.00
M 310519 130438     2677912 35.12 49.00 25.00
M 310519 130538     2680052 35.67 49.00 25.00
M 310519 130638     2682213 36.02 51.00 21.00
M 310519 130738     2684280 34.45 48.00 18.00
M 310519 130838     2686453 36.22 48.00 19.00
M 310519 130938     2688536 34.72 55.00 21.00
M 310519 131038     2690702 36.10 51.00 22.00
M 310519 131138     2692817 35.25 50.00 25.00
M 310519 131238     2694924 35.12 47.00 22.00
M 310519 131338     2697002 34.63 45.00 25.00
M 310519 131438     2699113 35.18 47.00 18.00
M 310519 131538     2701300 36.45 49.00 23.00
M 310519 131638     2703423 35.38 57.00 20.00
M 310519 131738     2705533 35.17 49.00 23.00
M 310519 131838     2707699 36.10 48.00 19.00
M 310519 131938     2709803 35.07 47.00 25.00
M 310519 132038     2711926 35.38 47.00 18.00
M 310519 132138     2714014 34.80 51.00 25.00
M 310519 132238     2716112 34.97 51.00 23.00
M 310519 132338     2718279 36.12 46.00 25.00
M 310519 132438     2720395 35.27 51.00 24.00
M 310519 132538     2722474 34.65 52.00 23.00
I 310519 132633 File wcd_lago_006-310519-122633.paa writted with 127837 pulses
M 310519 132638     2724523 34.15 46.00 21.00
M 310519 132738     2726624 35.02 51.00 20.00
M 310519 132838     2728775 35.85 58.00 18.00
M 310519 132938     2730888 35.22 49.00 23.00
M 310519 133038     2732928 34.00 45.00 22.00
M 310519 133138     2735160 37.20 51.00 25.00
M 310519 133238     2737216 34.27 45.00 19.00
M 310519 133338     2739222 33.43 47.00 24.00
M 310519 133438     2741327 35.08 49.00 20.00
M 310519 133538     2743365 33.97 46.00 21.00
M 310519 133638     2745477 35.20 59.00 20.00
M 310519 133738     2747646 36.15 47.00 25.00
M 310519 133838     2749765 35.32 52.00 21.00
M 310519 133938     2751834 34.48 45.00 21.00
M 310519 134038     2753956 35.37 44.00 21.00
M 310519 134138     2756055 34.98 49.00 25.00
M 310519 134238     2758156 35.02 51.00 22.00
M 310519 134338     2760207 34.18 47.00 18.00
M 310519 134438     2762375 36.13 46.00 24.00
M 310519 134538     2764472 34.95 53.00 20.00
M 310519 134638     2766524 34.20 48.00 21.00
M 310519 134738     2768641 35.28 53.00 22.00
M 310519 134838     2770754 35.22 46.00 22.00
M 310519 134938     2772877 35.38 55.00 20.00
M 310519 135038     2774999 35.37 54.00 21.00
M 310519 135138     2777059 34.33 46.00 24.00
M 310519 135238     2779276 36.95 46.00 28.00
M 310519 135338     2781418 35.70 56.00 25.00
M 310519 135438     2783566 35.80 49.00 26.00
M 310519 135538     2785689 35.38 52.00 23.00
M 310519 135638     2787884 36.58 52.00 24.00
M 310519 135738     2789930 34.10 49.00 23.00
M 310519 135838     2792121 36.52 56.00 25.00
M 310519 135938     2794250 35.48 54.00 24.00
M 310519 140038     2796358 35.13 48.00 24.00
M 310519 140138     2798463 35.08 46.00 22.00
M 310519 140238     2800510 34.12 44.00 22.00
M 310519 140338     2802577 34.45 48.00 25.00
M 310519 140438     2804702 35.42 51.00 25.00
M 310519 140538     2806833 35.52 49.00 19.00
M 310519 140638     2808912 34.65 48.00 22.00
M 310519 140738     2811040 35.47 47.00 22.00
M 310519 140838     2813137 34.95 47.00 22.00
M 310519 140938     2815278 35.68 50.00 23.00
M 310519 141038     2817411 35.55 52.00 21.00
M 310519 141138     2819526 35.25 46.00 22.00
M 310519 141238     2821647 35.35 51.00 18.00
M 310519 141338     2823734 34.78 45.00 22.00
M 310519 141438     2825982 37.47 54.00 24.00
M 310519 141538     2828130 35.80 55.00 21.00
M 310519 141638     2830258 35.47 51.00 22.00
M 310519 141738     2832418 36.00 50.00 24.00
M 310519 141838     2834531 35.22 51.00 21.00
M 310519 141938     2836622 34.85 48.00 23.00
M 310519 142038     2838749 35.45 48.00 22.00
M 310519 142138     2840901 35.87 47.00 23.00
M 310519 142238     2842973 34.53 50.00 21.00
M 310519 142338     2845067 34.90 51.00 23.00
M 310519 142438     2847181 35.23 52.00 26.00
M 310519 142538     2849313 35.53 50.00 26.00
I 310519 142633 File wcd_lago_006-310519-132633.paa writted with 126941 pulses
M 310519 142638     2851485 36.20 47.00 26.00
M 310519 142738     2853621 35.60 49.00 21.00
M 310519 142838     2855788 36.12 53.00 21.00
M 310519 142938     2857890 35.03 50.00 26.00
M 310519 143038     2859954 34.40 52.00 23.00
M 310519 143138     2861994 34.00 47.00 24.00
M 310519 143238     2864133 35.65 51.00 22.00
M 310519 143338     2866269 35.60 47.00 25.00
M 310519 143438     2868404 35.58 47.00 21.00
M 310519 143538     2870464 34.33 51.00 24.00
M 310519 143638     2872596 35.53 52.00 18.00
M 310519 143738     2874739 35.72 49.00 25.00
M 310519 143838     2876901 36.03 59.00 25.00
M 310519 143938     2879079 36.30 51.00 25.00
M 310519 144038     2881214 35.58 51.00 23.00
M 310519 144138     2883313 34.98 47.00 15.00
M 310519 144238     2885550 37.28 53.00 26.00
M 310519 144338     2887670 35.33 50.00 24.00
M 310519 144438     2889834 36.07 52.00 20.00
M 310519 144538     2891958 35.40 50.00 23.00
M 310519 144638     2894077 35.32 47.00 25.00
M 310519 144738     2896255 36.30 49.00 25.00
M 310519 144838     2898346 34.85 49.00 19.00
M 310519 144938     2900500 35.90 54.00 19.00
M 310519 145038     2902658 35.97 48.00 25.00
M 310519 145138     2904765 35.12 47.00 21.00
M 310519 145238     2906835 34.50 52.00 20.00
M 310519 145339     2908950 35.25 51.00 24.00
M 310519 145439     2910977 33.78 61.00 19.00
M 310519 145539     2913110 35.55 51.00 23.00
M 310519 145639     2915231 35.35 54.00 22.00
M 310519 145739     2917287 34.27 50.00 18.00
M 310519 145839     2919537 37.50 54.00 21.00
M 310519 145939     2921692 35.92 49.00 25.00
M 310519 150039     2923794 35.03 52.00 21.00
M 310519 150139     2926001 36.78 51.00 22.00
M 310519 150239     2928201 36.67 54.00 24.00
M 310519 150339     2930322 35.35 50.00 25.00
M 310519 150439     2932431 35.15 48.00 24.00
M 310519 150539     2934547 35.27 52.00 19.00
M 310519 150639     2936656 35.15 52.00 22.00
M 310519 150739     2938809 35.88 49.00 24.00
M 310519 150839     2940934 35.42 57.00 20.00
M 310519 150939     2943066 35.53 48.00 21.00
M 310519 151039     2945153 34.78 46.00 17.00
M 310519 151139     2947253 35.00 55.00 25.00
M 310519 151239     2949348 34.92 53.00 26.00
M 310519 151339     2951540 36.53 47.00 21.00
M 310519 151439     2953652 35.20 53.00 23.00
M 310519 151539     2955754 35.03 49.00 22.00
M 310519 151639     2957793 33.98 46.00 24.00
M 310519 151739     2959933 35.67 52.00 24.00
M 310519 151839     2962084 35.85 47.00 22.00
M 310519 151939     2964239 35.92 51.00 25.00
M 310519 152039     2966378 35.65 50.00 25.00
M 310519 152139     2968439 34.35 50.00 23.00
M 310519 152239     2970478 33.98 47.00 20.00
M 310519 152339     2972534 34.27 49.00 23.00
M 310519 152439     2974617 34.72 45.00 22.00
M 310519 152539     2976843 37.10 54.00 25.00
I 310519 152633 File wcd_lago_006-310519-142633.paa writted with 127497 pulses
M 310519 152639     2978976 35.55 48.00 23.00
M 310519 152739     2981074 34.97 54.00 21.00
M 310519 152839     2983190 35.27 49.00 22.00
M 310519 152939     2985293 35.05 46.00 23.00
M 310519 153039     2987454 36.02 50.00 24.00
M 310519 153139     2989621 36.12 47.00 28.00
M 310519 153239     2991690 34.48 48.00 23.00
M 310519 153339     2993750 34.33 51.00 19.00
M 310519 153439     2995893 35.72 49.00 25.00
M 310519 153539     2998017 35.40 46.00 24.00
M 310519 153639     3000193 36.27 53.00 24.00
M 310519 153739     3002347 35.90 45.00 24.00
M 310519 153839     3004460 35.22 46.00 24.00
M 310519 153939     3006605 35.75 50.00 21.00
M 310519 154039     3008779 36.23 51.00 25.00
M 310519 154139     3010865 34.77 47.00 22.00
M 310519 154239     3013047 36.37 54.00 26.00
M 310519 154339     3015227 36.33 47.00 22.00
M 310519 154439     3017406 36.32 52.00 21.00
M 310519 154539     3019453 34.12 48.00 24.00
M 310519 154639     3021540 34.78 48.00 23.00
M 310519 154739     3023639 34.98 47.00 23.00
M 310519 154839     3025861 37.03 53.00 25.00
M 310519 154939     3028026 36.08 49.00 23.00
M 310519 155039     3030145 35.32 48.00 23.00
M 310519 155139     3032248 35.05 50.00 20.00
M 310519 155239     3034352 35.07 47.00 22.00
M 310519 155339     3036471 35.32 51.00 20.00
M 310519 155439     3038672 36.68 50.00 24.00
M 310519 155539     3040833 36.02 52.00 23.00
M 310519 155639     3042989 35.93 46.00 21.00
M 310519 155739     3045078 34.82 48.00 22.00
M 310519 155839     3047215 35.62 49.00 25.00
M 310519 155939     3049433 36.97 53.00 27.00
M 310519 160039     3051603 36.17 49.00 24.00
M 310519 160139     3053787 36.40 52.00 23.00
M 310519 160239     3055837 34.17 53.00 22.00
M 310519 160339     3058060 37.05 50.00 19.00
M 310519 160439     3060126 34.43 46.00 23.00
M 310519 160539     3062324 36.63 51.00 18.00
M 310519 160639     3064469 35.75 49.00 23.00
M 310519 160739     3066577 35.13 53.00 18.00
M 310519 160839     3068688 35.18 49.00 20.00
M 310519 160939     3070831 35.72 49.00 23.00
M 310519 161039     3073001 36.17 56.00 24.00
M 310519 161139     3075200 36.65 58.00 24.00
M 310519 161239     3077319 35.32 45.00 23.00
M 310519 161339     3079512 36.55 52.00 26.00
M 310519 161439     3081620 35.13 51.00 20.00
M 310519 161539     3083744 35.40 51.00 23.00
M 310519 161639     3085832 34.80 49.00 21.00
M 310519 161739     3087938 35.10 49.00 22.00
M 310519 161839     3090076 35.63 48.00 24.00
M 310519 161939     3092121 34.08 48.00 20.00
M 310519 162039     3094139 33.63 47.00 20.00
M 310519 162139     3096192 34.22 45.00 23.00
M 310519 162239     3098302 35.17 53.00 21.00
M 310519 162339     3100370 34.47 48.00 21.00
M 310519 162439     3102473 35.05 52.00 22.00
M 310519 162539     3104576 35.05 51.00 22.00
I 310519 162632 Acquisition stopped
I 310519 162632 File wcd_lago_006-310519-152633.paa writted with 127664 pulses
I 310519 162632 Elapsed time:   86400 s; Pulse count:     3106427; Average rate: 35.95 Hz; Files writed:      24
I 310519 162633 Log file stopped
